[debug] [2022-08-04T01:08:04.553Z] ----------------------------------------------------------------------
[debug] [2022-08-04T01:08:04.556Z] Command:       c:\program files\nodejs\node.exe C:\Users\arman\AppData\Roaming\npm\node_modules\firebase-tools\lib\bin\firebase.js init
[debug] [2022-08-04T01:08:04.557Z] CLI Version:   9.21.0
[debug] [2022-08-04T01:08:04.557Z] Platform:      win32
[debug] [2022-08-04T01:08:04.557Z] Node Version:  v18.3.0
[debug] [2022-08-04T01:08:04.558Z] Time:          Wed Aug 03 2022 21:08:04 GMT-0400 (hora de Venezuela)
[debug] [2022-08-04T01:08:04.558Z] ----------------------------------------------------------------------
[debug] 
[debug] [2022-08-04T01:08:04.563Z] > command requires scopes: ["email","openid","https://www.googleapis.com/auth/cloudplatformprojects.readonly","https://www.googleapis.com/auth/firebase","https://www.googleapis.com/auth/cloud-platform"]
[debug] [2022-08-04T01:08:04.563Z] > authorizing via signed-in user (armandoperdomoing@gmail.com)
[info] 
     ######## #### ########  ######## ########     ###     ######  ########
     ##        ##  ##     ## ##       ##     ##  ##   ##  ##       ##
     ######    ##  ########  ######   ########  #########  ######  ######
     ##        ##  ##    ##  ##       ##     ## ##     ##       ## ##
     ##       #### ##     ## ######## ########  ##     ##  ######  ########

You're about to initialize a Firebase project in this directory:

  C:\Armando\Proyectos\luz-de-matrimonio-questions

Before we get started, keep in mind:

  * You are currently outside your home directory

[info] 
=== Project Setup
[info] 
[info] First, let's associate this project directory with a Firebase project.
[info] You can create multiple project aliases by running firebase use --add, 
[info] but for now we'll just set up a default project.
[info] 
[info] i  If you want to create a project in a Google Cloud organization or folder, please use "firebase projects:create" instead, and return to this command when you've created the project. 
[debug] [2022-08-04T01:08:44.247Z] ----------------------------------------------------------------------
[debug] [2022-08-04T01:08:44.249Z] Command:       c:\program files\nodejs\node.exe C:\Users\arman\AppData\Roaming\npm\node_modules\firebase-tools\lib\bin\firebase.js init
[debug] [2022-08-04T01:08:44.249Z] CLI Version:   9.21.0
[debug] [2022-08-04T01:08:44.249Z] Platform:      win32
[debug] [2022-08-04T01:08:44.250Z] Node Version:  v18.3.0
[debug] [2022-08-04T01:08:44.250Z] Time:          Wed Aug 03 2022 21:08:44 GMT-0400 (hora de Venezuela)
[debug] [2022-08-04T01:08:44.250Z] ----------------------------------------------------------------------
[debug] 
[debug] [2022-08-04T01:08:44.259Z] > command requires scopes: ["email","openid","https://www.googleapis.com/auth/cloudplatformprojects.readonly","https://www.googleapis.com/auth/firebase","https://www.googleapis.com/auth/cloud-platform"]
[debug] [2022-08-04T01:08:44.260Z] > authorizing via signed-in user (armandoperdomoing@gmail.com)
[info] 
     ######## #### ########  ######## ########     ###     ######  ########
     ##        ##  ##     ## ##       ##     ##  ##   ##  ##       ##
     ######    ##  ########  ######   ########  #########  ######  ######
     ##        ##  ##    ##  ##       ##     ## ##     ##       ## ##
     ##       #### ##     ## ######## ########  ##     ##  ######  ########

You're about to initialize a Firebase project in this directory:

  C:\Armando\Proyectos\luz-de-matrimonio-questions

Before we get started, keep in mind:

  * You are currently outside your home directory

[info] 
=== Project Setup
[info] 
[info] First, let's associate this project directory with a Firebase project.
[info] You can create multiple project aliases by running firebase use --add, 
[info] but for now we'll just set up a default project.
[info] 
[debug] [2022-08-04T01:08:50.668Z] >>> [apiv2][query] GET https://firebase.googleapis.com/v1beta1/projects pageSize=100
[debug] [2022-08-04T01:08:51.462Z] <<< [apiv2][status] GET https://firebase.googleapis.com/v1beta1/projects 200
[debug] [2022-08-04T01:08:51.462Z] <<< [apiv2][body] GET https://firebase.googleapis.com/v1beta1/projects [omitted]
[info] i  Using project luz-de-matrimonio-questi-6f192 (luz-de-matrimonio-questions) 
[info] 
=== Hosting:github Setup
[info] 
[info] i  Didn't detect a .git folder. Assuming C:\Armando\Proyectos\luz-de-matrimonio-questions is the project root. 
[info] i  Authorizing with GitHub to upload your service account to a GitHub repository's secrets store. 
[info] 
[info] Visit this URL on this device to log in:
[info] https://github.com/login/oauth/authorize?client_id=89cf50f02ac6aaed3484&state=1060650490&redirect_uri=http%3A%2F%2Flocalhost%3A9005&scope=read%3Auser%20repo%20public_repo
[info] 
[info] Waiting for authentication...
[debug] [2022-08-04T01:09:40.337Z] ----------------------------------------------------------------------
[debug] [2022-08-04T01:09:40.339Z] Command:       c:\program files\nodejs\node.exe C:\Users\arman\AppData\Roaming\npm\node_modules\firebase-tools\lib\bin\firebase.js init
[debug] [2022-08-04T01:09:40.339Z] CLI Version:   9.21.0
[debug] [2022-08-04T01:09:40.339Z] Platform:      win32
[debug] [2022-08-04T01:09:40.339Z] Node Version:  v18.3.0
[debug] [2022-08-04T01:09:40.340Z] Time:          Wed Aug 03 2022 21:09:40 GMT-0400 (hora de Venezuela)
[debug] [2022-08-04T01:09:40.340Z] ----------------------------------------------------------------------
[debug] 
[debug] [2022-08-04T01:09:40.346Z] > command requires scopes: ["email","openid","https://www.googleapis.com/auth/cloudplatformprojects.readonly","https://www.googleapis.com/auth/firebase","https://www.googleapis.com/auth/cloud-platform"]
[debug] [2022-08-04T01:09:40.346Z] > authorizing via signed-in user (armandoperdomoing@gmail.com)
[info] 
     ######## #### ########  ######## ########     ###     ######  ########
     ##        ##  ##     ## ##       ##     ##  ##   ##  ##       ##
     ######    ##  ########  ######   ########  #########  ######  ######
     ##        ##  ##    ##  ##       ##     ## ##     ##       ## ##
     ##       #### ##     ## ######## ########  ##     ##  ######  ########

You're about to initialize a Firebase project in this directory:

  C:\Armando\Proyectos\luz-de-matrimonio-questions

Before we get started, keep in mind:

  * You are currently outside your home directory

[info] 
=== Project Setup
[info] 
[info] First, let's associate this project directory with a Firebase project.
[info] You can create multiple project aliases by running firebase use --add, 
[info] but for now we'll just set up a default project.
[info] 
[debug] [2022-08-04T01:09:54.673Z] >>> [apiv2][query] GET https://firebase.googleapis.com/v1beta1/projects pageSize=100
[debug] [2022-08-04T01:09:55.417Z] <<< [apiv2][status] GET https://firebase.googleapis.com/v1beta1/projects 200
[debug] [2022-08-04T01:09:55.417Z] <<< [apiv2][body] GET https://firebase.googleapis.com/v1beta1/projects [omitted]
[info] i  Using project luz-de-matrimonio-questi-6f192 (luz-de-matrimonio-questions) 
[info] 
=== Hosting:github Setup
[info] 
[info] i  Didn't detect a .git folder. Assuming C:\Armando\Proyectos\luz-de-matrimonio-questions is the project root. 
[info] i  Authorizing with GitHub to upload your service account to a GitHub repository's secrets store. 
[info] 
[info] Visit this URL on this device to log in:
[info] https://github.com/login/oauth/authorize?client_id=89cf50f02ac6aaed3484&state=891891422&redirect_uri=http%3A%2F%2Flocalhost%3A9005&scope=read%3Auser%20repo%20public_repo
[info] 
[info] Waiting for authentication...
[debug] [2022-08-04T01:09:59.727Z] >>> HTTP REQUEST POST https://github.com/login/oauth/access_token  
 {"client_id":"89cf50f02ac6aaed3484","client_secret":"3330d14abc895d9a74d5f17cd7a00711fa2c5bf0","code":"a5d27d631a8fba747206","redirect_uri":"http://localhost:9005","state":"891891422"}
[debug] [2022-08-04T01:10:00.172Z] <<< HTTP RESPONSE 200 {"server":"GitHub.com","date":"Thu, 04 Aug 2022 01:09:57 GMT","content-type":"application/json; charset=utf-8","transfer-encoding":"chunked","vary":"X-PJAX, X-PJAX-Container, Turbo-Visit, Turbo-Frame, Accept-Encoding, Accept, X-Requested-With","permissions-policy":"interest-cohort=()","etag":"W/\"06b5c4eeec3ee6cf5d70b8349b6722be\"","cache-control":"max-age=0, private, must-revalidate","strict-transport-security":"max-age=31536000; includeSubdomains; preload","x-frame-options":"deny","x-content-type-options":"nosniff","x-xss-protection":"0","referrer-policy":"origin-when-cross-origin, strict-origin-when-cross-origin","expect-ct":"max-age=2592000, report-uri=\"https://api.github.com/_private/browser/errors\"","content-security-policy":"default-src 'none'; base-uri 'self'; block-all-mixed-content; child-src github.com/assets-cdn/worker/ gist.github.com/assets-cdn/worker/; connect-src 'self' uploads.github.com objects-origin.githubusercontent.com www.githubstatus.com collector.github.com raw.githubusercontent.com api.github.com github-cloud.s3.amazonaws.com github-production-repository-file-5c1aeb.s3.amazonaws.com github-production-upload-manifest-file-7fdce7.s3.amazonaws.com github-production-user-asset-6210df.s3.amazonaws.com cdn.optimizely.com logx.optimizely.com/v1/events *.actions.githubusercontent.com wss://*.actions.githubusercontent.com online.visualstudio.com/api/v1/locations github-production-repository-image-32fea6.s3.amazonaws.com github-production-release-asset-2e65be.s3.amazonaws.com insights.github.com wss://alive.github.com; font-src github.githubassets.com; form-action 'self' github.com gist.github.com objects-origin.githubusercontent.com; frame-ancestors 'none'; frame-src render.githubusercontent.com viewscreen.githubusercontent.com notebooks.githubusercontent.com; img-src 'self' data: github.githubassets.com identicons.github.com github-cloud.s3.amazonaws.com secured-user-images.githubusercontent.com/ github-production-user-asset-6210df.s3.amazonaws.com customer-stories-feed.github.com spotlights-feed.github.com *.githubusercontent.com; manifest-src 'self'; media-src github.com user-images.githubusercontent.com/ secured-user-images.githubusercontent.com/; script-src github.githubassets.com; style-src 'unsafe-inline' github.githubassets.com; worker-src github.com/assets-cdn/worker/ gist.github.com/assets-cdn/worker/","x-github-request-id":"FF43:9E67:2326FD:7DA74B:62EB1C64"}
[debug] [2022-08-04T01:10:00.179Z] >>> [apiv2][query] GET https://api.github.com/user [none]
[debug] [2022-08-04T01:10:00.626Z] <<< [apiv2][status] GET https://api.github.com/user 200
[debug] [2022-08-04T01:10:00.626Z] <<< [apiv2][body] GET https://api.github.com/user {"login":"ArmandoPerdomo","id":34519377,"node_id":"MDQ6VXNlcjM0NTE5Mzc3","avatar_url":"https://avatars.githubusercontent.com/u/34519377?v=4","gravatar_id":"","url":"https://api.github.com/users/ArmandoPerdomo","html_url":"https://github.com/ArmandoPerdomo","followers_url":"https://api.github.com/users/ArmandoPerdomo/followers","following_url":"https://api.github.com/users/ArmandoPerdomo/following{/other_user}","gists_url":"https://api.github.com/users/ArmandoPerdomo/gists{/gist_id}","starred_url":"https://api.github.com/users/ArmandoPerdomo/starred{/owner}{/repo}","subscriptions_url":"https://api.github.com/users/ArmandoPerdomo/subscriptions","organizations_url":"https://api.github.com/users/ArmandoPerdomo/orgs","repos_url":"https://api.github.com/users/ArmandoPerdomo/repos","events_url":"https://api.github.com/users/ArmandoPerdomo/events{/privacy}","received_events_url":"https://api.github.com/users/ArmandoPerdomo/received_events","type":"User","site_admin":false,"name":"Armando Perdomo","company":null,"blog":"","location":"Lara","email":"armandoperdomoing@gmail.com","hireable":true,"bio":"Angular Web Developer\r\nLove JavaScript Coding\r\nVenezolano","twitter_username":null,"public_repos":13,"public_gists":0,"followers":3,"following":3,"created_at":"2017-12-13T18:10:33Z","updated_at":"2022-08-04T01:09:24Z","private_gists":0,"total_private_repos":0,"owned_private_repos":0,"disk_usage":12103,"collaborators":0,"two_factor_authentication":false,"plan":{"name":"free","space":976562499,"collaborators":0,"private_repos":10000}}
[info] 
[info] +  Success! Logged into GitHub as ArmandoPerdomo 
[info] 
[debug] [2022-08-04T01:10:50.357Z] >>> [apiv2][query] GET https://api.github.com/repos/luz-de-matrimonio-questions/actions/secrets/public-key type=owner
[debug] [2022-08-04T01:10:50.655Z] <<< [apiv2][status] GET https://api.github.com/repos/luz-de-matrimonio-questions/actions/secrets/public-key 404
[debug] [2022-08-04T01:10:50.655Z] <<< [apiv2][body] GET https://api.github.com/repos/luz-de-matrimonio-questions/actions/secrets/public-key {"message":"Not Found","documentation_url":"https://docs.github.com/rest"}
[debug] [2022-08-04T01:10:53.685Z] >>> [apiv2][query] GET https://api.github.com/repos//actions/secrets/public-key type=owner
[debug] [2022-08-04T01:10:53.982Z] <<< [apiv2][status] GET https://api.github.com/repos//actions/secrets/public-key 404
[debug] [2022-08-04T01:10:53.982Z] <<< [apiv2][body] GET https://api.github.com/repos//actions/secrets/public-key {"message":"Not Found","documentation_url":"https://docs.github.com/rest"}
[debug] [2022-08-04T01:10:55.347Z] >>> [apiv2][query] GET https://api.github.com/repos//actions/secrets/public-key type=owner
[debug] [2022-08-04T01:10:55.643Z] <<< [apiv2][status] GET https://api.github.com/repos//actions/secrets/public-key 404
[debug] [2022-08-04T01:10:55.643Z] <<< [apiv2][body] GET https://api.github.com/repos//actions/secrets/public-key {"message":"Not Found","documentation_url":"https://docs.github.com/rest"}
[debug] [2022-08-04T01:10:59.264Z] >>> [apiv2][query] GET https://api.github.com/repos//actions/secrets/public-key type=owner
[debug] [2022-08-04T01:10:59.553Z] <<< [apiv2][status] GET https://api.github.com/repos//actions/secrets/public-key 404
[debug] [2022-08-04T01:10:59.554Z] <<< [apiv2][body] GET https://api.github.com/repos//actions/secrets/public-key {"message":"Not Found","documentation_url":"https://docs.github.com/rest"}
[debug] [2022-08-04T01:10:59.743Z] >>> [apiv2][query] GET https://api.github.com/repos//actions/secrets/public-key type=owner
[debug] [2022-08-04T01:11:00.027Z] <<< [apiv2][status] GET https://api.github.com/repos//actions/secrets/public-key 404
[debug] [2022-08-04T01:11:00.027Z] <<< [apiv2][body] GET https://api.github.com/repos//actions/secrets/public-key {"message":"Not Found","documentation_url":"https://docs.github.com/rest"}
[debug] [2022-08-04T01:11:00.074Z] >>> [apiv2][query] GET https://api.github.com/repos//actions/secrets/public-key type=owner
[debug] [2022-08-04T01:11:00.460Z] <<< [apiv2][status] GET https://api.github.com/repos//actions/secrets/public-key 404
[debug] [2022-08-04T01:11:00.460Z] <<< [apiv2][body] GET https://api.github.com/repos//actions/secrets/public-key {"message":"Not Found","documentation_url":"https://docs.github.com/rest"}
[debug] [2022-08-04T01:11:13.353Z] >>> [apiv2][query] GET https://api.github.com/repos/luz-de-matrimonio-questions/actions/secrets/public-key type=owner
[debug] [2022-08-04T01:11:13.643Z] <<< [apiv2][status] GET https://api.github.com/repos/luz-de-matrimonio-questions/actions/secrets/public-key 404
[debug] [2022-08-04T01:11:13.644Z] <<< [apiv2][body] GET https://api.github.com/repos/luz-de-matrimonio-questions/actions/secrets/public-key {"message":"Not Found","documentation_url":"https://docs.github.com/rest"}
[debug] [2022-08-04T01:11:16.906Z] >>> [apiv2][query] GET https://api.github.com/repos/test/actions/secrets/public-key type=owner
[debug] [2022-08-04T01:11:17.205Z] <<< [apiv2][status] GET https://api.github.com/repos/test/actions/secrets/public-key 404
[debug] [2022-08-04T01:11:17.205Z] <<< [apiv2][body] GET https://api.github.com/repos/test/actions/secrets/public-key {"message":"Not Found","documentation_url":"https://docs.github.com/rest"}
